<html>
<head>
<title>TestNG:  Default test</title>
<link href="../testng.css" rel="stylesheet" type="text/css" />
<link href="../my-testng.css" rel="stylesheet" type="text/css" />

<style type="text/css">
.log { display: none;} 
.stack-trace { display: none;} 
</style>
<script type="text/javascript">
<!--
function flip(e) {
  current = e.style.display;
  if (current == 'block') {
    e.style.display = 'none';
    return 0;
  }
  else {
    e.style.display = 'block';
    return 1;
  }
}

function toggleBox(szDivId, elem, msg1, msg2)
{
  var res = -1;  if (document.getElementById) {
    res = flip(document.getElementById(szDivId));
  }
  else if (document.all) {
    // this is the way old msie versions work
    res = flip(document.all[szDivId]);
  }
  if(elem) {
    if(res == 0) elem.innerHTML = msg1; else elem.innerHTML = msg2;
  }

}

function toggleAllBoxes() {
  if (document.getElementsByTagName) {
    d = document.getElementsByTagName('div');
    for (i = 0; i < d.length; i++) {
      if (d[i].className == 'log') {
        flip(d[i]);
      }
    }
  }
}

// -->
</script>

</head>
<body>
<h2 align='center'>Default test</h2><table border='1' align="center">
<tr>
<<<<<<< Updated upstream
<td>Tests passed/Failed/Skipped:</td><td>4/0/0</td>
</tr><tr>
<td>Started on:</td><td>Wed Nov 13 12:54:46 IST 2019</td>
</tr>
<tr><td>Total time:</td><td>308 seconds (308778 ms)</td>
=======
<td>Tests passed/Failed/Skipped:</td><td>6/1/0</td>
</tr><tr>
<td>Started on:</td><td>Sat Nov 16 10:43:20 IST 2019</td>
</tr>
<tr><td>Total time:</td><td>456 seconds (456074 ms)</td>
>>>>>>> Stashed changes
</tr><tr>
<td>Included groups:</td><td></td>
</tr><tr>
<td>Excluded groups:</td><td></td>
</tr>
</table><p/>
<small><i>(Hover the method name to see the test class name)</i></small><p/>
<<<<<<< Updated upstream
=======
<table width='100%' border='1' class='invocation-failed'>
<tr><td colspan='4' align='center'><b>FAILED TESTS</b></td></tr>
<tr><td><b>Test method</b></td>
<td width="30%"><b>Exception</b></td>
<td width="10%"><b>Time (seconds)</b></td>
<td><b>Instance</b></td>
</tr>
<tr>
<td title='com.torenzo.qa.pomtest.SuspendedOrderListTest.VerifyOrderInOrderListTest()'><b>VerifyOrderInOrderListTest</b><br>Test class: com.torenzo.qa.pomtest.SuspendedOrderListTest</td>
<td><div><pre>org.openqa.selenium.NoSuchElementException: An element could not be located on the page using the given search parameters.
For documentation on this error, please visit: https://www.seleniumhq.org/exceptions/no_such_element.html
Build info: version: &apos;3.141.59&apos;, revision: &apos;e82be7d358&apos;, time: &apos;2018-11-14T08:17:03&apos;
System info: host: &apos;NAMET5&apos;, ip: &apos;192.168.56.1&apos;, os.name: &apos;Windows 7&apos;, os.arch: &apos;amd64&apos;, os.version: &apos;6.1&apos;, java.version: &apos;1.8.0_171&apos;
Driver info: io.appium.java_client.android.AndroidDriver
Capabilities {app: E:\Appium1\StableMavenProje..., appPackage: com.torenzo.torenzocafe, databaseEnabled: false, desired: {app: E:\Appium1\StableMavenProje..., deviceName: Honor, newCommandTimeout: 80, platformName: android, platformVersion: 6.0, udid: 192.168.208.101:5555}, deviceApiLevel: 24, deviceManufacturer: Genymotion, deviceModel: Custom, deviceName: 192.168.208.101:5555, deviceScreenDensity: 320, deviceScreenSize: 1536x2048, deviceUDID: 192.168.208.101:5555, javascriptEnabled: true, locationContextEnabled: false, networkConnectionEnabled: true, newCommandTimeout: 80, pixelRatio: 2, platform: LINUX, platformName: Android, platformVersion: 7.0, statBarHeight: 48, takesScreenshot: true, udid: 192.168.208.101:5555, viewportRect: {height: 1904, left: 0, top: 48, width: 1536}, warnings: {}, webStorageEnabled: false}
Session ID: f99bc1f5-a7c3-42b4-bab0-a3a93d52b8e6
*** Element info: {Using=-android uiautomator, value=new UiScrollable(new UiSelector()).scrollIntoView(textContains(&quot;16-Nov-2019&quot;));}
	at sun.reflect.NativeConstructorAccessorImpl.newInstance0(Native Method)
	at sun.reflect.NativeConstructorAccessorImpl.newInstance(NativeConstructorAccessorImpl.java:62)
	at sun.reflect.DelegatingConstructorAccessorImpl.newInstance(DelegatingConstructorAccessorImpl.java:45)
	at java.lang.reflect.Constructor.newInstance(Constructor.java:423)
	at org.openqa.selenium.remote.http.W3CHttpResponseCodec.createException(W3CHttpResponseCodec.java:187)
	at org.openqa.selenium.remote.http.W3CHttpResponseCodec.decode(W3CHttpResponseCodec.java:122)
	at org.openqa.selenium.remote.http.W3CHttpResponseCodec.decode(W3CHttpResponseCodec.java:49)
	at org.openqa.selenium.remote.HttpCommandExecutor.execute(HttpCommandExecutor.java:158)
	at io.appium.java_client.remote.AppiumCommandExecutor.execute(AppiumCommandExecutor.java:239)
	at org.openqa.selenium.remote.RemoteWebDriver.execute(RemoteWebDriver.java:552)
	at io.appium.java_client.DefaultGenericMobileDriver.execute(DefaultGenericMobileDriver.java:42)
	at io.appium.java_client.AppiumDriver.execute(AppiumDriver.java:1)
	at io.appium.java_client.android.AndroidDriver.execute(AndroidDriver.java:1)
	at org.openqa.selenium.remote.RemoteWebDriver.findElement(RemoteWebDriver.java:323)
	at io.appium.java_client.DefaultGenericMobileDriver.findElement(DefaultGenericMobileDriver.java:62)
	at io.appium.java_client.AppiumDriver.findElement(AppiumDriver.java:1)
	at io.appium.java_client.android.AndroidDriver.findElement(AndroidDriver.java:1)
	at io.appium.java_client.FindsByAndroidUIAutomator.findElementByAndroidUIAutomator(FindsByAndroidUIAutomator.java:38)
	at com.torenzo.qa.util.TestUtil.scrollTillContainsText(TestUtil.java:47)
	at com.torenzo.qa.pomtest.SuspendedOrderListTest.VerifyOrderInOrderListTest(SuspendedOrderListTest.java:128)
	at sun.reflect.NativeMethodAccessorImpl.invoke0(Native Method)
	at sun.reflect.NativeMethodAccessorImpl.invoke(NativeMethodAccessorImpl.java:62)
	at sun.reflect.DelegatingMethodAccessorImpl.invoke(DelegatingMethodAccessorImpl.java:43)
	at java.lang.reflect.Method.invoke(Method.java:498)
	at org.testng.internal.MethodInvocationHelper.invokeMethod(MethodInvocationHelper.java:84)
	at org.testng.internal.Invoker.invokeMethod(Invoker.java:714)
	at org.testng.internal.Invoker.invokeTestMethod(Invoker.java:901)
	at org.testng.internal.Invoker.invokeTestMethods(Invoker.java:1231)
	at org.testng.internal.TestMethodWorker.invokeTestMethods(TestMethodWorker.java:127)
	at org.testng.internal.TestMethodWorker.run(TestMethodWorker.java:111)
	at org.testng.TestRunner.privateRun(TestRunner.java:767)
	at org.testng.TestRunner.run(TestRunner.java:617)
	at org.testng.SuiteRunner.runTest(SuiteRunner.java:348)
	at org.testng.SuiteRunner.runSequentially(SuiteRunner.java:343)
	at org.testng.SuiteRunner.privateRun(SuiteRunner.java:305)
	at org.testng.SuiteRunner.run(SuiteRunner.java:254)
	at org.testng.SuiteRunnerWorker.runSuite(SuiteRunnerWorker.java:52)
	at org.testng.SuiteRunnerWorker.run(SuiteRunnerWorker.java:86)
	at org.testng.TestNG.runSuitesSequentially(TestNG.java:1224)
	at org.testng.TestNG.runSuitesLocally(TestNG.java:1149)
	at org.testng.TestNG.run(TestNG.java:1057)
	at org.testng.remote.AbstractRemoteTestNG.run(AbstractRemoteTestNG.java:114)
	at org.testng.remote.RemoteTestNG.initAndRun(RemoteTestNG.java:251)
	at org.testng.remote.RemoteTestNG.main(RemoteTestNG.java:77)
</pre></div><a href='#' onClick='toggleBox("stack-trace339788561", this, "Click to show all stack frames", "Click to hide stack frames")'>Click to show all stack frames</a>
<div class='stack-trace' id='stack-trace339788561'><pre>org.openqa.selenium.NoSuchElementException: An element could not be located on the page using the given search parameters.
For documentation on this error, please visit: https://www.seleniumhq.org/exceptions/no_such_element.html
Build info: version: &apos;3.141.59&apos;, revision: &apos;e82be7d358&apos;, time: &apos;2018-11-14T08:17:03&apos;
System info: host: &apos;NAMET5&apos;, ip: &apos;192.168.56.1&apos;, os.name: &apos;Windows 7&apos;, os.arch: &apos;amd64&apos;, os.version: &apos;6.1&apos;, java.version: &apos;1.8.0_171&apos;
Driver info: io.appium.java_client.android.AndroidDriver
Capabilities {app: E:\Appium1\StableMavenProje..., appPackage: com.torenzo.torenzocafe, databaseEnabled: false, desired: {app: E:\Appium1\StableMavenProje..., deviceName: Honor, newCommandTimeout: 80, platformName: android, platformVersion: 6.0, udid: 192.168.208.101:5555}, deviceApiLevel: 24, deviceManufacturer: Genymotion, deviceModel: Custom, deviceName: 192.168.208.101:5555, deviceScreenDensity: 320, deviceScreenSize: 1536x2048, deviceUDID: 192.168.208.101:5555, javascriptEnabled: true, locationContextEnabled: false, networkConnectionEnabled: true, newCommandTimeout: 80, pixelRatio: 2, platform: LINUX, platformName: Android, platformVersion: 7.0, statBarHeight: 48, takesScreenshot: true, udid: 192.168.208.101:5555, viewportRect: {height: 1904, left: 0, top: 48, width: 1536}, warnings: {}, webStorageEnabled: false}
Session ID: f99bc1f5-a7c3-42b4-bab0-a3a93d52b8e6
*** Element info: {Using=-android uiautomator, value=new UiScrollable(new UiSelector()).scrollIntoView(textContains(&quot;16-Nov-2019&quot;));}
	at sun.reflect.NativeConstructorAccessorImpl.newInstance0(Native Method)
	at sun.reflect.NativeConstructorAccessorImpl.newInstance(NativeConstructorAccessorImpl.java:62)
	at sun.reflect.DelegatingConstructorAccessorImpl.newInstance(DelegatingConstructorAccessorImpl.java:45)
	at java.lang.reflect.Constructor.newInstance(Constructor.java:423)
	at org.openqa.selenium.remote.http.W3CHttpResponseCodec.createException(W3CHttpResponseCodec.java:187)
	at org.openqa.selenium.remote.http.W3CHttpResponseCodec.decode(W3CHttpResponseCodec.java:122)
	at org.openqa.selenium.remote.http.W3CHttpResponseCodec.decode(W3CHttpResponseCodec.java:49)
	at org.openqa.selenium.remote.HttpCommandExecutor.execute(HttpCommandExecutor.java:158)
	at io.appium.java_client.remote.AppiumCommandExecutor.execute(AppiumCommandExecutor.java:239)
	at org.openqa.selenium.remote.RemoteWebDriver.execute(RemoteWebDriver.java:552)
	at io.appium.java_client.DefaultGenericMobileDriver.execute(DefaultGenericMobileDriver.java:42)
	at io.appium.java_client.AppiumDriver.execute(AppiumDriver.java:1)
	at io.appium.java_client.android.AndroidDriver.execute(AndroidDriver.java:1)
	at org.openqa.selenium.remote.RemoteWebDriver.findElement(RemoteWebDriver.java:323)
	at io.appium.java_client.DefaultGenericMobileDriver.findElement(DefaultGenericMobileDriver.java:62)
	at io.appium.java_client.AppiumDriver.findElement(AppiumDriver.java:1)
	at io.appium.java_client.android.AndroidDriver.findElement(AndroidDriver.java:1)
	at io.appium.java_client.FindsByAndroidUIAutomator.findElementByAndroidUIAutomator(FindsByAndroidUIAutomator.java:38)
	at com.torenzo.qa.util.TestUtil.scrollTillContainsText(TestUtil.java:47)
	at com.torenzo.qa.pomtest.SuspendedOrderListTest.VerifyOrderInOrderListTest(SuspendedOrderListTest.java:128)
	at sun.reflect.NativeMethodAccessorImpl.invoke0(Native Method)
	at sun.reflect.NativeMethodAccessorImpl.invoke(NativeMethodAccessorImpl.java:62)
	at sun.reflect.DelegatingMethodAccessorImpl.invoke(DelegatingMethodAccessorImpl.java:43)
	at java.lang.reflect.Method.invoke(Method.java:498)
	at org.testng.internal.MethodInvocationHelper.invokeMethod(MethodInvocationHelper.java:84)
	at org.testng.internal.Invoker.invokeMethod(Invoker.java:714)
	at org.testng.internal.Invoker.invokeTestMethod(Invoker.java:901)
	at org.testng.internal.Invoker.invokeTestMethods(Invoker.java:1231)
	at org.testng.internal.TestMethodWorker.invokeTestMethods(TestMethodWorker.java:127)
	at org.testng.internal.TestMethodWorker.run(TestMethodWorker.java:111)
	at org.testng.TestRunner.privateRun(TestRunner.java:767)
	at org.testng.TestRunner.run(TestRunner.java:617)
	at org.testng.SuiteRunner.runTest(SuiteRunner.java:348)
	at org.testng.SuiteRunner.runSequentially(SuiteRunner.java:343)
	at org.testng.SuiteRunner.privateRun(SuiteRunner.java:305)
	at org.testng.SuiteRunner.run(SuiteRunner.java:254)
	at org.testng.SuiteRunnerWorker.runSuite(SuiteRunnerWorker.java:52)
	at org.testng.SuiteRunnerWorker.run(SuiteRunnerWorker.java:86)
	at org.testng.TestNG.runSuitesSequentially(TestNG.java:1224)
	at org.testng.TestNG.runSuitesLocally(TestNG.java:1149)
	at org.testng.TestNG.run(TestNG.java:1057)
	at org.testng.remote.AbstractRemoteTestNG.run(AbstractRemoteTestNG.java:114)
	at org.testng.remote.RemoteTestNG.initAndRun(RemoteTestNG.java:251)
	at org.testng.remote.RemoteTestNG.main(RemoteTestNG.java:77)
</pre></div></td>
<td>193</td>
<td>com.torenzo.qa.pomtest.SuspendedOrderListTest@24313fcc</td></tr>
</table><p>
>>>>>>> Stashed changes
<table width='100%' border='1' class='invocation-passed'>
<tr><td colspan='4' align='center'><b>PASSED TESTS</b></td></tr>
<tr><td><b>Test method</b></td>
<td width="30%"><b>Exception</b></td>
<td width="10%"><b>Time (seconds)</b></td>
<td><b>Instance</b></td>
</tr>
<tr>
<<<<<<< Updated upstream
<td title='com.torenzo.qa.pomtest.OrderPageTest.addItemToOrder()'><b>addItemToOrder</b><br>Test class: com.torenzo.qa.pomtest.OrderPageTest</td>
<td></td>
<td>93</td>
<td>com.torenzo.qa.pomtest.OrderPageTest@7d20d0b</td></tr>
<tr>
<td title='com.torenzo.qa.pomtest.OrderPageTest.orderDiscount()'><b>orderDiscount</b><br>Test class: com.torenzo.qa.pomtest.OrderPageTest</td>
<td></td>
<td>43</td>
<td>com.torenzo.qa.pomtest.OrderPageTest@7d20d0b</td></tr>
<tr>
<td title='com.torenzo.qa.pomtest.OrderPageTest.orderDiscountPercentTest()'><b>orderDiscountPercentTest</b><br>Test class: com.torenzo.qa.pomtest.OrderPageTest</td>
<td></td>
<td>124</td>
<td>com.torenzo.qa.pomtest.OrderPageTest@7d20d0b</td></tr>
<tr>
<td title='com.torenzo.qa.pomtest.OrderPageTest.verfiyHomePageTest()'><b>verfiyHomePageTest</b><br>Test class: com.torenzo.qa.pomtest.OrderPageTest</td>
<td></td>
<td>36</td>
<td>com.torenzo.qa.pomtest.OrderPageTest@7d20d0b</td></tr>
=======
<td title='com.torenzo.qa.pomtest.SuspendedOrderListTest.OrderListPageTest()'><b>OrderListPageTest</b><br>Test class: com.torenzo.qa.pomtest.SuspendedOrderListTest</td>
<td></td>
<td>109</td>
<td>com.torenzo.qa.pomtest.SuspendedOrderListTest@24313fcc</td></tr>
<tr>
<td title='com.torenzo.qa.pomtest.SuspendedOrderListTest.SearchBoxInSuspendedListTest()'><b>SearchBoxInSuspendedListTest</b><br>Test class: com.torenzo.qa.pomtest.SuspendedOrderListTest</td>
<td></td>
<td>17</td>
<td>com.torenzo.qa.pomtest.SuspendedOrderListTest@24313fcc</td></tr>
<tr>
<td title='com.torenzo.qa.pomtest.SuspendedOrderListTest.gettheItemDetails()'><b>gettheItemDetails</b><br>Test class: com.torenzo.qa.pomtest.SuspendedOrderListTest</td>
<td></td>
<td>0</td>
<td>com.torenzo.qa.pomtest.SuspendedOrderListTest@24313fcc</td></tr>
<tr>
<td title='com.torenzo.qa.pomtest.SuspendedOrderListTest.orderListSortByCostTest()'><b>orderListSortByCostTest</b><br>Test class: com.torenzo.qa.pomtest.SuspendedOrderListTest</td>
<td></td>
<td>13</td>
<td>com.torenzo.qa.pomtest.SuspendedOrderListTest@24313fcc</td></tr>
<tr>
<td title='com.torenzo.qa.pomtest.SuspendedOrderListTest.orderListSortByOrderNoTest()'><b>orderListSortByOrderNoTest</b><br>Test class: com.torenzo.qa.pomtest.SuspendedOrderListTest</td>
<td></td>
<td>3</td>
<td>com.torenzo.qa.pomtest.SuspendedOrderListTest@24313fcc</td></tr>
<tr>
<td title='com.torenzo.qa.pomtest.SuspendedOrderListTest.verfiyHomePageTest()'><b>verfiyHomePageTest</b><br>Test class: com.torenzo.qa.pomtest.SuspendedOrderListTest</td>
<td></td>
<td>34</td>
<td>com.torenzo.qa.pomtest.SuspendedOrderListTest@24313fcc</td></tr>
>>>>>>> Stashed changes
</table><p>
</body>
</html>