<?xml version="1.0" encoding="UTF-8"?>
<!-- Generated by org.testng.reporters.JUnitXMLReporter -->
<<<<<<< Updated upstream
<testsuite hostname="Torenzo" name="Regression suite for order creation and payment =1" tests="29" failures="0" timestamp="1 Nov 2019 11:52:07 GMT" time="1044.107" errors="0">
  <testcase name="VerifyDemoUrlAndCancelClick" time="29.628" classname="com.torenzo.qa.pomtest.LoginPageTest"/>
  <testcase name="loginVerifyTestInvalidData1" time="8.557" classname="com.torenzo.qa.pomtest.LoginPageTest"/>
  <testcase name="loginVerifyTestInvalidData2" time="8.769" classname="com.torenzo.qa.pomtest.LoginPageTest"/>
  <testcase name="loginVerifyTestInvalidData3" time="5.52" classname="com.torenzo.qa.pomtest.LoginPageTest"/>
  <testcase name="loginVerifyTestInvalidData4" time="8.776" classname="com.torenzo.qa.pomtest.LoginPageTest"/>
  <testcase name="loginVerifyTest" time="10.042" classname="com.torenzo.qa.pomtest.LoginPageTest"/>
  <testcase name="cancelVerifyTest" time="5.122" classname="com.torenzo.qa.pomtest.LoginPageTest"/>
  <testcase name="verfiyHomePageTest" time="63.289" classname="com.torenzo.qa.pomtest.HomePageTest"/>
  <testcase name="verfiyHomePageTest" time="36.588" classname="com.torenzo.qa.pomtest.OrderPageTest"/>
  <testcase name="addItemToOrder" time="86.048" classname="com.torenzo.qa.pomtest.OrderPageTest"/>
  <testcase name="verfiyHomePageTest" time="35.122" classname="com.torenzo.qa.pomtest.PaymentPageTest"/>
  <testcase name="paymentPageTest" time="87.473" classname="com.torenzo.qa.pomtest.PaymentPageTest"/>
  <testcase name="verifyPaymentTest" time="17.95" classname="com.torenzo.qa.pomtest.PaymentPageTest"/>
  <testcase name="verfiyHomePageTest" time="34.324" classname="com.torenzo.qa.pomtest.PaymentPageNegativeTest"/>
  <testcase name="paymentPageTest" time="91.756" classname="com.torenzo.qa.pomtest.PaymentPageNegativeTest"/>
  <testcase name="verifyCancelTest" time="22.123" classname="com.torenzo.qa.pomtest.PaymentPageNegativeTest"/>
  <testcase name="LoginIntoAppTest" time="34.136" classname="com.torenzo.qa.pomtest.LogoutPageTest"/>
  <testcase name="LogoutVerifyTest" time="28.261" classname="com.torenzo.qa.pomtest.LogoutPageTest"/>
  <testcase name="LoginVerifyTest" time="20.646" classname="com.torenzo.qa.pomtest.LogoutPageTest"/>
  <testcase name="verfiyHomePageTest" time="33.787" classname="com.torenzo.qa.pomtest.GuestPageTest"/>
  <testcase name="addGuestToOrder" time="33.442" classname="com.torenzo.qa.pomtest.GuestPageTest"/>
  <testcase name="addOneGuestTest" time="29.685" classname="com.torenzo.qa.pomtest.GuestPageTest"/>
  <testcase name="addNightinGuestTest" time="32.232" classname="com.torenzo.qa.pomtest.GuestPageTest"/>
  <testcase name="cancelGuestWindowTest" time="25.641" classname="com.torenzo.qa.pomtest.GuestPageTest"/>
  <testcase name="zeroGuestWindowTest" time="6.946" classname="com.torenzo.qa.pomtest.GuestPageTest"/>
  <testcase name="addMoreGuestTest" time="7.482" classname="com.torenzo.qa.pomtest.GuestPageTest"/>
  <testcase name="deleteGuestWindowTest" time="4.359" classname="com.torenzo.qa.pomtest.GuestPageTest"/>
  <testcase name="deleteGuestFromOrderByLongPressTest" time="41.645" classname="com.torenzo.qa.pomtest.GuestPageTest"/>
  <testcase name="deleteGuestFromOrderTest" time="6.137" classname="com.torenzo.qa.pomtest.GuestPageTest"/>
=======
<testsuite hostname="namet5" name="Regression suite for order creation and payment =1" tests="29" failures="1" timestamp="2 Nov 2019 11:02:19 GMT" time="1136.859" errors="0">
  <testcase name="VerifyDemoUrlAndCancelClick" time="29.155" classname="com.torenzo.qa.pomtest.LoginPageTest"/>
  <testcase name="loginVerifyTestInvalidData1" time="10.969" classname="com.torenzo.qa.pomtest.LoginPageTest"/>
  <testcase name="loginVerifyTestInvalidData2" time="16.852" classname="com.torenzo.qa.pomtest.LoginPageTest"/>
  <testcase name="loginVerifyTestInvalidData3" time="6.718" classname="com.torenzo.qa.pomtest.LoginPageTest"/>
  <testcase name="loginVerifyTestInvalidData4" time="8.701" classname="com.torenzo.qa.pomtest.LoginPageTest"/>
  <testcase name="loginVerifyTest" time="15.678" classname="com.torenzo.qa.pomtest.LoginPageTest"/>
  <testcase name="cancelVerifyTest" time="9.499" classname="com.torenzo.qa.pomtest.LoginPageTest"/>
  <testcase name="verfiyHomePageTest" time="60.85" classname="com.torenzo.qa.pomtest.HomePageTest"/>
  <testcase name="verfiyHomePageTest" time="32.366" classname="com.torenzo.qa.pomtest.OrderPageTest"/>
  <testcase name="addItemToOrder" time="84.764" classname="com.torenzo.qa.pomtest.OrderPageTest"/>
  <testcase name="verfiyHomePageTest" time="31.417" classname="com.torenzo.qa.pomtest.PaymentPageTest"/>
  <testcase name="paymentPageTest" time="91.199" classname="com.torenzo.qa.pomtest.PaymentPageTest"/>
  <testcase name="verifyPaymentTest" time="17.313" classname="com.torenzo.qa.pomtest.PaymentPageTest"/>
  <testcase name="verfiyHomePageTest" time="31.862" classname="com.torenzo.qa.pomtest.PaymentPageNegativeTest"/>
  <testcase name="paymentPageTest" time="90.561" classname="com.torenzo.qa.pomtest.PaymentPageNegativeTest"/>
  <testcase name="verifyCancelTest" time="17.534" classname="com.torenzo.qa.pomtest.PaymentPageNegativeTest"/>
  <testcase name="LoginIntoAppTest" time="31.193" classname="com.torenzo.qa.pomtest.LogoutPageTest"/>
  <testcase name="LogoutVerifyTest" time="28.85" classname="com.torenzo.qa.pomtest.LogoutPageTest"/>
  <testcase name="LoginVerifyTest" time="26.579" classname="com.torenzo.qa.pomtest.LogoutPageTest"/>
  <testcase name="verfiyHomePageTest" time="26.28" classname="com.torenzo.qa.pomtest.GuestPageTest"/>
  <testcase name="addGuestToOrder" time="40.17" classname="com.torenzo.qa.pomtest.GuestPageTest"/>
  <testcase name="addOneGuestTest" time="36.969" classname="com.torenzo.qa.pomtest.GuestPageTest"/>
  <testcase name="addNightinGuestTest" time="37.234" classname="com.torenzo.qa.pomtest.GuestPageTest">
    <failure type="java.lang.AssertionError" message="Guest count not matched from order page with guest window expected [17] but found [20]">
      <![CDATA[java.lang.AssertionError: Guest count not matched from order page with guest window expected [17] but found [20]
	at com.torenzo.qa.pomtest.GuestPageTest.addNightinGuestTest(GuestPageTest.java:113)
... Removed 28 stack frames]]>
    </failure>
  </testcase> <!-- addNightinGuestTest -->
  <testcase name="cancelGuestWindowTest" time="33.383" classname="com.torenzo.qa.pomtest.GuestPageTest"/>
  <testcase name="zeroGuestWindowTest" time="7.714" classname="com.torenzo.qa.pomtest.GuestPageTest"/>
  <testcase name="addMoreGuestTest" time="3.655" classname="com.torenzo.qa.pomtest.GuestPageTest"/>
  <testcase name="deleteGuestWindowTest" time="2.893" classname="com.torenzo.qa.pomtest.GuestPageTest"/>
  <testcase name="deleteGuestFromOrderByLongPressTest" time="41.664" classname="com.torenzo.qa.pomtest.GuestPageTest"/>
  <testcase name="deleteGuestFromOrderTest" time="8.429" classname="com.torenzo.qa.pomtest.GuestPageTest"/>
>>>>>>> Stashed changes
</testsuite> <!-- Regression suite for order creation and payment =1 -->
