<?xml version="1.0" encoding="UTF-8"?>
<!-- Generated by org.testng.reporters.JUnitReportReporter -->
<<<<<<< Updated upstream
<testsuite hostname="Torenzo" name="com.torenzo.qa.pomtest.GuestPageTest" tests="10" failures="0" timestamp="1 Nov 2019 11:52:09 GMT" time="221.356" errors="0">
  <testcase name="addNightinGuestTest" time="32.232" classname="com.torenzo.qa.pomtest.GuestPageTest"/>
  <testcase name="addMoreGuestTest" time="7.482" classname="com.torenzo.qa.pomtest.GuestPageTest"/>
  <testcase name="zeroGuestWindowTest" time="6.946" classname="com.torenzo.qa.pomtest.GuestPageTest"/>
  <testcase name="deleteGuestFromOrderByLongPressTest" time="41.645" classname="com.torenzo.qa.pomtest.GuestPageTest"/>
  <testcase name="cancelGuestWindowTest" time="25.641" classname="com.torenzo.qa.pomtest.GuestPageTest"/>
  <testcase name="addGuestToOrder" time="33.442" classname="com.torenzo.qa.pomtest.GuestPageTest"/>
  <testcase name="deleteGuestFromOrderTest" time="6.137" classname="com.torenzo.qa.pomtest.GuestPageTest"/>
  <testcase name="addOneGuestTest" time="29.685" classname="com.torenzo.qa.pomtest.GuestPageTest"/>
  <testcase name="deleteGuestWindowTest" time="4.359" classname="com.torenzo.qa.pomtest.GuestPageTest"/>
  <testcase name="verfiyHomePageTest" time="33.787" classname="com.torenzo.qa.pomtest.GuestPageTest"/>
=======
<testsuite hostname="namet5" name="com.torenzo.qa.pomtest.GuestPageTest" tests="10" failures="0" timestamp="2 Nov 2019 11:02:21 GMT" time="238.391" errors="1">
  <testcase name="addOneGuestTest" time="36.969" classname="com.torenzo.qa.pomtest.GuestPageTest"/>
  <testcase name="deleteGuestFromOrderByLongPressTest" time="41.664" classname="com.torenzo.qa.pomtest.GuestPageTest"/>
  <testcase name="deleteGuestFromOrderTest" time="8.429" classname="com.torenzo.qa.pomtest.GuestPageTest"/>
  <testcase name="zeroGuestWindowTest" time="7.714" classname="com.torenzo.qa.pomtest.GuestPageTest"/>
  <testcase name="verfiyHomePageTest" time="26.280" classname="com.torenzo.qa.pomtest.GuestPageTest"/>
  <testcase name="addNightinGuestTest" time="37.234" classname="com.torenzo.qa.pomtest.GuestPageTest">
    <error type="java.lang.AssertionError" message="Guest count not matched from order page with guest window expected [17] but found [20]">
      <![CDATA[java.lang.AssertionError: Guest count not matched from order page with guest window expected [17] but found [20]
	at org.testng.Assert.fail(Assert.java:94)
	at org.testng.Assert.failNotEquals(Assert.java:494)
	at org.testng.Assert.assertEquals(Assert.java:123)
	at org.testng.Assert.assertEquals(Assert.java:370)
	at com.torenzo.qa.pomtest.GuestPageTest.addNightinGuestTest(GuestPageTest.java:113)
	at sun.reflect.NativeMethodAccessorImpl.invoke0(Native Method)
	at sun.reflect.NativeMethodAccessorImpl.invoke(NativeMethodAccessorImpl.java:62)
	at sun.reflect.DelegatingMethodAccessorImpl.invoke(DelegatingMethodAccessorImpl.java:43)
	at java.lang.reflect.Method.invoke(Method.java:498)
	at org.testng.internal.MethodInvocationHelper.invokeMethod(MethodInvocationHelper.java:84)
	at org.testng.internal.Invoker.invokeMethod(Invoker.java:714)
	at org.testng.internal.Invoker.invokeTestMethod(Invoker.java:901)
	at org.testng.internal.Invoker.invokeTestMethods(Invoker.java:1231)
	at org.testng.internal.TestMethodWorker.invokeTestMethods(TestMethodWorker.java:127)
	at org.testng.internal.TestMethodWorker.run(TestMethodWorker.java:111)
	at org.testng.TestRunner.privateRun(TestRunner.java:767)
	at org.testng.TestRunner.run(TestRunner.java:617)
	at org.testng.SuiteRunner.runTest(SuiteRunner.java:348)
	at org.testng.SuiteRunner.runSequentially(SuiteRunner.java:343)
	at org.testng.SuiteRunner.privateRun(SuiteRunner.java:305)
	at org.testng.SuiteRunner.run(SuiteRunner.java:254)
	at org.testng.SuiteRunnerWorker.runSuite(SuiteRunnerWorker.java:52)
	at org.testng.SuiteRunnerWorker.run(SuiteRunnerWorker.java:86)
	at org.testng.TestNG.runSuitesSequentially(TestNG.java:1224)
	at org.testng.TestNG.runSuitesLocally(TestNG.java:1149)
	at org.testng.TestNG.run(TestNG.java:1057)
	at org.testng.remote.AbstractRemoteTestNG.run(AbstractRemoteTestNG.java:114)
	at org.testng.remote.RemoteTestNG.initAndRun(RemoteTestNG.java:251)
	at org.testng.remote.RemoteTestNG.main(RemoteTestNG.java:77)
]]>
    </error>
  </testcase> <!-- addNightinGuestTest -->
  <testcase name="deleteGuestWindowTest" time="2.893" classname="com.torenzo.qa.pomtest.GuestPageTest"/>
  <testcase name="cancelGuestWindowTest" time="33.383" classname="com.torenzo.qa.pomtest.GuestPageTest"/>
  <testcase name="addMoreGuestTest" time="3.655" classname="com.torenzo.qa.pomtest.GuestPageTest"/>
  <testcase name="addGuestToOrder" time="40.170" classname="com.torenzo.qa.pomtest.GuestPageTest"/>
>>>>>>> Stashed changes
</testsuite> <!-- com.torenzo.qa.pomtest.GuestPageTest -->
